# JRE version: OpenJDK Runtime Environment Temurin-17.0.7+7 (17.0.7+7) (build 17.0.7+7)
# Java VM: OpenJDK 64-Bit Server VM Temurin-17.0.7+7 (17.0.7+7, mixed mode, tiered, compressed oops, compressed class ptrs, g1 gc, windows-amd64)
GC Precious Log:
 CPUs: 4 total, 4 available
 Memory: 7991M
 Large Page Support: Disabled
 NUMA Support: Disabled
 Compressed Oops: Enabled (32-bit)
 Heap Region Size: 1M
 Heap Min Capacity: 8M
 Heap Initial Capacity: 126M
 Heap Max Capacity: 1998M
 Pre-touch: Disabled
 Parallel Workers: 4
 Concurrent Workers: 1
 Concurrent Refinement Workers: 4
 Periodic GC: Disabled
Heap:
 garbage-first heap   total 78848K, used 31985K [0x0000000083200000, 0x0000000100000000)
  region size 1024K, 24 young (24576K), 2 survivors (2048K)
 Metaspace       used 30642K, committed 30912K, reserved 1114112K
  class space    used 3452K, committed 3584K, reserved 1048576K
GC Heap History (12 events):
Event: 0.398 GC heap before
{Heap before GC invocations=0 (full 0):
 garbage-first heap   total 129024K, used 13312K [0x0000000083200000, 0x0000000100000000)
  region size 1024K, 13 young (13312K), 0 survivors (0K)
 Metaspace       used 10081K, committed 10240K, reserved 1114112K
  class space    used 955K, committed 1024K, reserved 1048576K
}
Event: 0.400 GC heap after
{Heap after GC invocations=1 (full 0):
 garbage-first heap   total 129024K, used 3944K [0x0000000083200000, 0x0000000100000000)
  region size 1024K, 2 young (2048K), 2 survivors (2048K)
 Metaspace       used 10081K, committed 10240K, reserved 1114112K
  class space    used 955K, committed 1024K, reserved 1048576K
}
Event: 0.790 GC heap before
{Heap before GC invocations=1 (full 0):
 garbage-first heap   total 129024K, used 19304K [0x0000000083200000, 0x0000000100000000)
  region size 1024K, 17 young (17408K), 2 survivors (2048K)
 Metaspace       used 18290K, committed 18496K, reserved 1114112K
  class space    used 1929K, committed 2048K, reserved 1048576K
}
Event: 0.795 GC heap after
{Heap after GC invocations=2 (full 0):
 garbage-first heap   total 129024K, used 6012K [0x0000000083200000, 0x0000000100000000)
  region size 1024K, 3 young (3072K), 3 survivors (3072K)
 Metaspace       used 18290K, committed 18496K, reserved 1114112K
  class space    used 1929K, committed 2048K, reserved 1048576K
}
Event: 1.031 GC heap before
{Heap before GC invocations=2 (full 0):
 garbage-first heap   total 129024K, used 16252K [0x0000000083200000, 0x0000000100000000)
  region size 1024K, 14 young (14336K), 3 survivors (3072K)
 Metaspace       used 21243K, committed 21504K, reserved 1114112K
  class space    used 2294K, committed 2432K, reserved 1048576K
}
Event: 1.037 GC heap after
{Heap after GC invocations=3 (full 0):
 garbage-first heap   total 129024K, used 6647K [0x0000000083200000, 0x0000000100000000)
  region size 1024K, 3 young (3072K), 3 survivors (3072K)
 Metaspace       used 21243K, committed 21504K, reserved 1114112K
  class space    used 2294K, committed 2432K, reserved 1048576K
}
Event: 1.265 GC heap before
{Heap before GC invocations=4 (full 0):
 garbage-first heap   total 27648K, used 18935K [0x0000000083200000, 0x0000000100000000)
  region size 1024K, 16 young (16384K), 3 survivors (3072K)
 Metaspace       used 24687K, committed 24960K, reserved 1114112K
  class space    used 2687K, committed 2816K, reserved 1048576K
}
Event: 1.271 GC heap after
{Heap after GC invocations=5 (full 0):
 garbage-first heap   total 27648K, used 9335K [0x0000000083200000, 0x0000000100000000)
  region size 1024K, 6 young (6144K), 6 survivors (6144K)
 Metaspace       used 24687K, committed 24960K, reserved 1114112K
  class space    used 2687K, committed 2816K, reserved 1048576K
}
Event: 1.289 GC heap before
{Heap before GC invocations=5 (full 0):
 garbage-first heap   total 27648K, used 9335K [0x0000000083200000, 0x0000000100000000)
  region size 1024K, 7 young (7168K), 6 survivors (6144K)
 Metaspace       used 24790K, committed 25088K, reserved 1114112K
  class space    used 2695K, committed 2816K, reserved 1048576K
}
Event: 1.296 GC heap after
{Heap after GC invocations=6 (full 0):
 garbage-first heap   total 27648K, used 9856K [0x0000000083200000, 0x0000000100000000)
  region size 1024K, 1 young (1024K), 1 survivors (1024K)
 Metaspace       used 24790K, committed 25088K, reserved 1114112K
  class space    used 2695K, committed 2816K, reserved 1048576K
}
Event: 1.401 GC heap before
{Heap before GC invocations=6 (full 0):
 garbage-first heap   total 27648K, used 18048K [0x0000000083200000, 0x0000000100000000)
  region size 1024K, 9 young (9216K), 1 survivors (1024K)
 Metaspace       used 25729K, committed 26048K, reserved 1114112K
  class space    used 2747K, committed 2880K, reserved 1048576K
}
Event: 1.403 GC heap after
{Heap after GC invocations=7 (full 0):
 garbage-first heap   total 78848K, used 10481K [0x0000000083200000, 0x0000000100000000)
  region size 1024K, 2 young (2048K), 2 survivors (2048K)
 Metaspace       used 25729K, committed 26048K, reserved 1114112K
  class space    used 2747K, committed 2880K, reserved 1048576K
}

